<?xml version="1.0" encoding="UTF-8"?>
<testng-results skipped="0" failed="0" total="1" passed="1">
  <reporter-output>
  </reporter-output>
  <suite name="Default suite" duration-ms="12770" started-at="2016-07-10T09:11:53Z" finished-at="2016-07-10T09:12:06Z">
    <groups>
    </groups>
    <test name="Default test" duration-ms="12770" started-at="2016-07-10T09:11:53Z" finished-at="2016-07-10T09:12:06Z">
      <class name="testcases.TestLoginPageFactory">
        <test-method status="PASS" signature="setup()[pri:0, instance:testcases.TestLoginPageFactory@26653222]" name="setup" is-config="true" duration-ms="10480" started-at="2016-07-10T16:11:53Z" finished-at="2016-07-10T16:12:04Z">
          <reporter-output>
          </reporter-output>
        </test-method> <!-- setup -->
        <test-method status="PASS" signature="test_HomePage()[pri:0, instance:testcases.TestLoginPageFactory@26653222]" name="test_HomePage" duration-ms="2265" started-at="2016-07-10T16:12:04Z" finished-at="2016-07-10T16:12:06Z">
          <reporter-output>
          </reporter-output>
        </test-method> <!-- test_HomePage -->
      </class> <!-- testcases.TestLoginPageFactory -->
    </test> <!-- Default test -->
  </suite> <!-- Default suite -->
</testng-results>
